
> zaksweb@ build /home/zak/personal/web/v1
> next build

▲ Next.js 16.1.6 (Turbopack)

  Creating an optimized production build ...
✓ Compiled successfully in 1410.8ms
  Running TypeScript ...
  Collecting page data using 15 workers ...
  Generating static pages using 15 workers (0/13) ...
  Generating static pages using 15 workers (3/13) 
  Generating static pages using 15 workers (6/13) 
  Generating static pages using 15 workers (9/13) 
✓ Generating static pages using 15 workers (13/13) in 468.0ms
  Finalizing page optimization ...

Route (app)
┌ ○ /
├ ○ /_not-found
├ ● /[slug]
│ ├ /article-1
│ └ /article-2
├ ○ /about
├ ○ /articles
├ ○ /investing
├ ○ /podcasts
├ ○ /projects
├ ○ /reminder
├ ○ /talks
└ ○ /uses


○  (Static)  prerendered as static content
●  (SSG)     prerendered as static HTML (uses generateStaticParams)

